[2021-10-27 17:30:10,334] INFO Starting the log cleaner (kafka.log.LogCleaner)
[2021-10-27 17:30:10,457] INFO [kafka-log-cleaner-thread-0]: Starting (kafka.log.LogCleaner)
[2021-10-27 17:52:48,080] INFO Shutting down the log cleaner. (kafka.log.LogCleaner)
[2021-10-27 17:52:48,081] INFO [kafka-log-cleaner-thread-0]: Shutting down (kafka.log.LogCleaner)
[2021-10-27 17:52:48,082] INFO [kafka-log-cleaner-thread-0]: Stopped (kafka.log.LogCleaner)
[2021-10-27 17:52:48,082] INFO [kafka-log-cleaner-thread-0]: Shutdown completed (kafka.log.LogCleaner)
[2021-10-28 10:10:28,135] INFO Starting the log cleaner (kafka.log.LogCleaner)
[2021-10-28 10:10:28,276] INFO [kafka-log-cleaner-thread-0]: Starting (kafka.log.LogCleaner)
[2021-10-28 10:46:09,374] INFO Starting the log cleaner (kafka.log.LogCleaner)
[2021-10-28 10:46:09,553] INFO [kafka-log-cleaner-thread-0]: Starting (kafka.log.LogCleaner)
[2021-10-28 10:46:22,009] INFO Shutting down the log cleaner. (kafka.log.LogCleaner)
[2021-10-28 10:46:22,010] INFO [kafka-log-cleaner-thread-0]: Shutting down (kafka.log.LogCleaner)
[2021-10-28 10:46:22,012] INFO [kafka-log-cleaner-thread-0]: Stopped (kafka.log.LogCleaner)
[2021-10-28 10:46:22,012] INFO [kafka-log-cleaner-thread-0]: Shutdown completed (kafka.log.LogCleaner)
[2021-10-28 16:05:35,448] INFO Starting the log cleaner (kafka.log.LogCleaner)
[2021-10-28 16:05:35,567] INFO [kafka-log-cleaner-thread-0]: Starting (kafka.log.LogCleaner)
[2021-10-28 16:45:07,234] INFO Shutting down the log cleaner. (kafka.log.LogCleaner)
[2021-10-28 16:45:07,236] INFO [kafka-log-cleaner-thread-0]: Shutting down (kafka.log.LogCleaner)
[2021-10-28 16:45:07,239] INFO [kafka-log-cleaner-thread-0]: Stopped (kafka.log.LogCleaner)
[2021-10-28 16:45:07,241] INFO [kafka-log-cleaner-thread-0]: Shutdown completed (kafka.log.LogCleaner)
[2021-11-02 10:44:40,909] INFO Starting the log cleaner (kafka.log.LogCleaner)
[2021-11-02 10:44:41,064] INFO [kafka-log-cleaner-thread-0]: Starting (kafka.log.LogCleaner)
[2021-11-02 10:53:46,753] INFO Shutting down the log cleaner. (kafka.log.LogCleaner)
[2021-11-02 10:53:46,759] INFO [kafka-log-cleaner-thread-0]: Shutting down (kafka.log.LogCleaner)
[2021-11-02 10:53:46,760] INFO [kafka-log-cleaner-thread-0]: Stopped (kafka.log.LogCleaner)
[2021-11-02 10:53:46,760] INFO [kafka-log-cleaner-thread-0]: Shutdown completed (kafka.log.LogCleaner)
[2021-11-02 12:08:56,814] INFO Starting the log cleaner (kafka.log.LogCleaner)
[2021-11-02 12:08:56,929] INFO [kafka-log-cleaner-thread-0]: Starting (kafka.log.LogCleaner)
[2021-11-02 12:22:32,464] INFO Shutting down the log cleaner. (kafka.log.LogCleaner)
[2021-11-02 12:22:32,465] INFO [kafka-log-cleaner-thread-0]: Shutting down (kafka.log.LogCleaner)
[2021-11-02 12:22:32,467] INFO [kafka-log-cleaner-thread-0]: Stopped (kafka.log.LogCleaner)
[2021-11-02 12:22:32,467] INFO [kafka-log-cleaner-thread-0]: Shutdown completed (kafka.log.LogCleaner)
[2021-11-02 18:14:37,967] INFO Starting the log cleaner (kafka.log.LogCleaner)
[2021-11-02 18:14:38,097] INFO [kafka-log-cleaner-thread-0]: Starting (kafka.log.LogCleaner)
[2021-11-02 20:13:16,131] INFO Starting the log cleaner (kafka.log.LogCleaner)
[2021-11-02 20:13:16,252] INFO [kafka-log-cleaner-thread-0]: Starting (kafka.log.LogCleaner)
[2021-11-02 20:16:39,262] INFO Shutting down the log cleaner. (kafka.log.LogCleaner)
[2021-11-02 20:16:39,266] INFO [kafka-log-cleaner-thread-0]: Shutting down (kafka.log.LogCleaner)
[2021-11-02 20:16:39,272] INFO [kafka-log-cleaner-thread-0]: Stopped (kafka.log.LogCleaner)
[2021-11-02 20:16:39,272] INFO [kafka-log-cleaner-thread-0]: Shutdown completed (kafka.log.LogCleaner)
[2021-11-03 09:21:04,650] INFO Starting the log cleaner (kafka.log.LogCleaner)
[2021-11-03 09:21:04,776] INFO [kafka-log-cleaner-thread-0]: Starting (kafka.log.LogCleaner)
[2021-11-03 09:40:10,444] INFO Shutting down the log cleaner. (kafka.log.LogCleaner)
[2021-11-03 09:40:10,444] INFO [kafka-log-cleaner-thread-0]: Shutting down (kafka.log.LogCleaner)
[2021-11-03 09:40:10,444] INFO [kafka-log-cleaner-thread-0]: Stopped (kafka.log.LogCleaner)
[2021-11-03 09:40:10,444] INFO [kafka-log-cleaner-thread-0]: Shutdown completed (kafka.log.LogCleaner)
[2021-11-03 11:32:10,329] INFO Starting the log cleaner (kafka.log.LogCleaner)
[2021-11-03 11:32:10,450] INFO [kafka-log-cleaner-thread-0]: Starting (kafka.log.LogCleaner)
[2021-11-03 11:42:03,199] INFO Shutting down the log cleaner. (kafka.log.LogCleaner)
[2021-11-03 11:42:03,200] INFO [kafka-log-cleaner-thread-0]: Shutting down (kafka.log.LogCleaner)
[2021-11-03 11:42:03,202] INFO [kafka-log-cleaner-thread-0]: Stopped (kafka.log.LogCleaner)
[2021-11-03 11:42:03,202] INFO [kafka-log-cleaner-thread-0]: Shutdown completed (kafka.log.LogCleaner)
[2021-11-03 17:59:02,669] INFO Starting the log cleaner (kafka.log.LogCleaner)
[2021-11-03 17:59:02,794] INFO [kafka-log-cleaner-thread-0]: Starting (kafka.log.LogCleaner)
[2021-11-03 18:46:49,817] INFO Starting the log cleaner (kafka.log.LogCleaner)
[2021-11-03 18:46:49,951] INFO [kafka-log-cleaner-thread-0]: Starting (kafka.log.LogCleaner)
[2021-11-03 19:04:52,574] INFO Shutting down the log cleaner. (kafka.log.LogCleaner)
[2021-11-03 19:04:52,580] INFO [kafka-log-cleaner-thread-0]: Shutting down (kafka.log.LogCleaner)
[2021-11-03 19:04:52,581] INFO [kafka-log-cleaner-thread-0]: Stopped (kafka.log.LogCleaner)
[2021-11-03 19:04:52,582] INFO [kafka-log-cleaner-thread-0]: Shutdown completed (kafka.log.LogCleaner)
[2021-11-05 14:07:45,600] INFO Starting the log cleaner (kafka.log.LogCleaner)
[2021-11-05 14:07:45,720] INFO [kafka-log-cleaner-thread-0]: Starting (kafka.log.LogCleaner)
[2021-11-05 14:29:34,550] INFO Starting the log cleaner (kafka.log.LogCleaner)
[2021-11-05 14:29:34,677] INFO [kafka-log-cleaner-thread-0]: Starting (kafka.log.LogCleaner)
[2021-11-05 14:35:20,797] INFO Shutting down the log cleaner. (kafka.log.LogCleaner)
[2021-11-05 14:35:20,798] INFO [kafka-log-cleaner-thread-0]: Shutting down (kafka.log.LogCleaner)
[2021-11-05 14:35:20,798] INFO [kafka-log-cleaner-thread-0]: Stopped (kafka.log.LogCleaner)
[2021-11-05 14:35:20,798] INFO [kafka-log-cleaner-thread-0]: Shutdown completed (kafka.log.LogCleaner)
[2021-11-05 14:44:16,686] INFO Starting the log cleaner (kafka.log.LogCleaner)
[2021-11-05 14:44:16,803] INFO [kafka-log-cleaner-thread-0]: Starting (kafka.log.LogCleaner)
[2021-11-05 15:22:39,647] INFO Starting the log cleaner (kafka.log.LogCleaner)
[2021-11-05 15:22:39,780] INFO [kafka-log-cleaner-thread-0]: Starting (kafka.log.LogCleaner)
[2021-11-05 15:49:14,266] INFO Shutting down the log cleaner. (kafka.log.LogCleaner)
[2021-11-05 15:49:14,270] INFO [kafka-log-cleaner-thread-0]: Shutting down (kafka.log.LogCleaner)
[2021-11-05 15:49:14,272] INFO [kafka-log-cleaner-thread-0]: Stopped (kafka.log.LogCleaner)
[2021-11-05 15:49:14,273] INFO [kafka-log-cleaner-thread-0]: Shutdown completed (kafka.log.LogCleaner)
[2021-11-05 16:45:29,527] INFO Starting the log cleaner (kafka.log.LogCleaner)
[2021-11-05 16:45:29,652] INFO [kafka-log-cleaner-thread-0]: Starting (kafka.log.LogCleaner)
[2021-11-05 16:57:54,777] INFO Shutting down the log cleaner. (kafka.log.LogCleaner)
[2021-11-05 16:57:54,779] INFO [kafka-log-cleaner-thread-0]: Shutting down (kafka.log.LogCleaner)
[2021-11-05 16:57:54,780] INFO [kafka-log-cleaner-thread-0]: Stopped (kafka.log.LogCleaner)
[2021-11-05 16:57:54,780] INFO [kafka-log-cleaner-thread-0]: Shutdown completed (kafka.log.LogCleaner)
[2021-11-05 17:07:54,900] INFO Starting the log cleaner (kafka.log.LogCleaner)
[2021-11-05 17:07:55,022] INFO [kafka-log-cleaner-thread-0]: Starting (kafka.log.LogCleaner)
[2021-11-05 17:41:09,376] INFO Shutting down the log cleaner. (kafka.log.LogCleaner)
[2021-11-05 17:41:09,380] INFO [kafka-log-cleaner-thread-0]: Shutting down (kafka.log.LogCleaner)
[2021-11-05 17:41:09,381] INFO [kafka-log-cleaner-thread-0]: Stopped (kafka.log.LogCleaner)
[2021-11-05 17:41:09,381] INFO [kafka-log-cleaner-thread-0]: Shutdown completed (kafka.log.LogCleaner)
[2021-11-05 21:31:10,815] INFO Starting the log cleaner (kafka.log.LogCleaner)
[2021-11-05 21:31:10,954] INFO [kafka-log-cleaner-thread-0]: Starting (kafka.log.LogCleaner)
[2021-11-05 21:38:19,965] INFO Shutting down the log cleaner. (kafka.log.LogCleaner)
[2021-11-05 21:38:19,966] INFO [kafka-log-cleaner-thread-0]: Shutting down (kafka.log.LogCleaner)
[2021-11-05 21:38:19,966] INFO [kafka-log-cleaner-thread-0]: Stopped (kafka.log.LogCleaner)
[2021-11-05 21:38:19,966] INFO [kafka-log-cleaner-thread-0]: Shutdown completed (kafka.log.LogCleaner)
[2021-11-07 11:24:27,784] INFO Starting the log cleaner (kafka.log.LogCleaner)
[2021-11-07 11:24:27,965] INFO [kafka-log-cleaner-thread-0]: Starting (kafka.log.LogCleaner)
[2021-11-07 12:46:22,522] INFO Shutting down the log cleaner. (kafka.log.LogCleaner)
[2021-11-07 12:46:22,522] INFO [kafka-log-cleaner-thread-0]: Shutting down (kafka.log.LogCleaner)
[2021-11-07 12:46:22,522] INFO [kafka-log-cleaner-thread-0]: Stopped (kafka.log.LogCleaner)
[2021-11-07 12:46:22,522] INFO [kafka-log-cleaner-thread-0]: Shutdown completed (kafka.log.LogCleaner)
[2021-11-07 16:49:43,004] INFO Starting the log cleaner (kafka.log.LogCleaner)
[2021-11-07 16:49:43,149] INFO [kafka-log-cleaner-thread-0]: Starting (kafka.log.LogCleaner)
[2021-11-07 17:21:07,010] INFO Shutting down the log cleaner. (kafka.log.LogCleaner)
[2021-11-07 17:21:07,016] INFO [kafka-log-cleaner-thread-0]: Shutting down (kafka.log.LogCleaner)
[2021-11-07 17:21:07,018] INFO [kafka-log-cleaner-thread-0]: Stopped (kafka.log.LogCleaner)
[2021-11-07 17:21:07,018] INFO [kafka-log-cleaner-thread-0]: Shutdown completed (kafka.log.LogCleaner)
[2021-11-08 09:52:11,691] INFO Starting the log cleaner (kafka.log.LogCleaner)
[2021-11-08 09:52:11,829] INFO [kafka-log-cleaner-thread-0]: Starting (kafka.log.LogCleaner)
[2021-11-08 10:43:16,650] INFO Shutting down the log cleaner. (kafka.log.LogCleaner)
[2021-11-08 10:43:16,663] INFO [kafka-log-cleaner-thread-0]: Shutting down (kafka.log.LogCleaner)
[2021-11-08 10:43:16,665] INFO [kafka-log-cleaner-thread-0]: Stopped (kafka.log.LogCleaner)
[2021-11-08 10:43:16,665] INFO [kafka-log-cleaner-thread-0]: Shutdown completed (kafka.log.LogCleaner)
[2021-11-08 14:20:53,263] INFO Starting the log cleaner (kafka.log.LogCleaner)
[2021-11-08 14:20:53,396] INFO [kafka-log-cleaner-thread-0]: Starting (kafka.log.LogCleaner)
[2021-11-08 16:02:03,597] INFO Shutting down the log cleaner. (kafka.log.LogCleaner)
[2021-11-08 16:02:03,606] INFO [kafka-log-cleaner-thread-0]: Shutting down (kafka.log.LogCleaner)
[2021-11-08 16:02:03,608] INFO [kafka-log-cleaner-thread-0]: Stopped (kafka.log.LogCleaner)
[2021-11-08 16:02:03,608] INFO [kafka-log-cleaner-thread-0]: Shutdown completed (kafka.log.LogCleaner)
[2021-11-08 16:18:50,969] INFO Starting the log cleaner (kafka.log.LogCleaner)
[2021-11-08 16:18:51,095] INFO [kafka-log-cleaner-thread-0]: Starting (kafka.log.LogCleaner)
[2021-11-08 16:34:03,288] INFO Shutting down the log cleaner. (kafka.log.LogCleaner)
[2021-11-08 16:34:03,288] INFO [kafka-log-cleaner-thread-0]: Shutting down (kafka.log.LogCleaner)
[2021-11-08 16:34:03,289] INFO [kafka-log-cleaner-thread-0]: Stopped (kafka.log.LogCleaner)
[2021-11-08 16:34:03,289] INFO [kafka-log-cleaner-thread-0]: Shutdown completed (kafka.log.LogCleaner)
[2021-11-08 18:04:12,755] INFO Starting the log cleaner (kafka.log.LogCleaner)
[2021-11-08 18:04:12,901] INFO [kafka-log-cleaner-thread-0]: Starting (kafka.log.LogCleaner)
[2021-11-08 18:12:26,005] INFO Shutting down the log cleaner. (kafka.log.LogCleaner)
[2021-11-08 18:12:26,008] INFO [kafka-log-cleaner-thread-0]: Shutting down (kafka.log.LogCleaner)
[2021-11-08 18:12:26,010] INFO [kafka-log-cleaner-thread-0]: Stopped (kafka.log.LogCleaner)
[2021-11-08 18:12:26,010] INFO [kafka-log-cleaner-thread-0]: Shutdown completed (kafka.log.LogCleaner)
[2021-11-08 18:30:53,233] INFO Starting the log cleaner (kafka.log.LogCleaner)
[2021-11-08 18:30:53,360] INFO [kafka-log-cleaner-thread-0]: Starting (kafka.log.LogCleaner)
[2021-11-08 18:46:22,681] INFO Shutting down the log cleaner. (kafka.log.LogCleaner)
[2021-11-08 18:46:22,683] INFO [kafka-log-cleaner-thread-0]: Shutting down (kafka.log.LogCleaner)
[2021-11-08 18:46:22,685] INFO [kafka-log-cleaner-thread-0]: Stopped (kafka.log.LogCleaner)
[2021-11-08 18:46:22,685] INFO [kafka-log-cleaner-thread-0]: Shutdown completed (kafka.log.LogCleaner)
[2021-11-09 11:04:55,015] INFO Starting the log cleaner (kafka.log.LogCleaner)
[2021-11-09 11:04:55,151] INFO [kafka-log-cleaner-thread-0]: Starting (kafka.log.LogCleaner)
[2021-11-10 18:52:31,974] INFO Starting the log cleaner (kafka.log.LogCleaner)
[2021-11-10 18:52:32,090] INFO [kafka-log-cleaner-thread-0]: Starting (kafka.log.LogCleaner)
[2021-11-10 19:00:42,716] INFO Starting the log cleaner (kafka.log.LogCleaner)
[2021-11-10 19:00:42,837] INFO [kafka-log-cleaner-thread-0]: Starting (kafka.log.LogCleaner)
[2021-11-10 19:12:16,370] INFO Shutting down the log cleaner. (kafka.log.LogCleaner)
[2021-11-10 19:12:16,371] INFO [kafka-log-cleaner-thread-0]: Shutting down (kafka.log.LogCleaner)
[2021-11-10 19:12:16,371] INFO [kafka-log-cleaner-thread-0]: Stopped (kafka.log.LogCleaner)
[2021-11-10 19:12:16,371] INFO [kafka-log-cleaner-thread-0]: Shutdown completed (kafka.log.LogCleaner)
[2021-11-10 20:57:52,728] INFO Starting the log cleaner (kafka.log.LogCleaner)
[2021-11-10 20:57:52,850] INFO [kafka-log-cleaner-thread-0]: Starting (kafka.log.LogCleaner)
[2021-11-10 21:09:19,561] INFO Shutting down the log cleaner. (kafka.log.LogCleaner)
[2021-11-10 21:09:19,565] INFO [kafka-log-cleaner-thread-0]: Shutting down (kafka.log.LogCleaner)
[2021-11-10 21:09:19,566] INFO [kafka-log-cleaner-thread-0]: Stopped (kafka.log.LogCleaner)
[2021-11-10 21:09:19,566] INFO [kafka-log-cleaner-thread-0]: Shutdown completed (kafka.log.LogCleaner)
[2021-11-10 21:11:39,091] INFO Starting the log cleaner (kafka.log.LogCleaner)
[2021-11-10 21:11:39,209] INFO [kafka-log-cleaner-thread-0]: Starting (kafka.log.LogCleaner)
[2021-11-10 21:24:59,714] INFO Starting the log cleaner (kafka.log.LogCleaner)
[2021-11-10 21:24:59,850] INFO [kafka-log-cleaner-thread-0]: Starting (kafka.log.LogCleaner)
[2021-11-10 21:54:42,055] INFO Shutting down the log cleaner. (kafka.log.LogCleaner)
[2021-11-10 21:54:42,057] INFO [kafka-log-cleaner-thread-0]: Shutting down (kafka.log.LogCleaner)
[2021-11-10 21:54:42,057] INFO [kafka-log-cleaner-thread-0]: Stopped (kafka.log.LogCleaner)
[2021-11-10 21:54:42,057] INFO [kafka-log-cleaner-thread-0]: Shutdown completed (kafka.log.LogCleaner)
[2021-11-10 23:15:54,811] INFO Starting the log cleaner (kafka.log.LogCleaner)
[2021-11-10 23:15:54,938] INFO [kafka-log-cleaner-thread-0]: Starting (kafka.log.LogCleaner)
[2021-11-10 23:26:04,168] INFO Shutting down the log cleaner. (kafka.log.LogCleaner)
[2021-11-10 23:26:04,172] INFO [kafka-log-cleaner-thread-0]: Shutting down (kafka.log.LogCleaner)
[2021-11-10 23:26:04,173] INFO [kafka-log-cleaner-thread-0]: Stopped (kafka.log.LogCleaner)
[2021-11-10 23:26:04,174] INFO [kafka-log-cleaner-thread-0]: Shutdown completed (kafka.log.LogCleaner)
[2021-11-11 15:31:22,076] INFO Starting the log cleaner (kafka.log.LogCleaner)
[2021-11-11 15:31:22,211] INFO [kafka-log-cleaner-thread-0]: Starting (kafka.log.LogCleaner)
[2021-11-11 15:36:36,475] INFO Shutting down the log cleaner. (kafka.log.LogCleaner)
[2021-11-11 15:36:36,476] INFO [kafka-log-cleaner-thread-0]: Shutting down (kafka.log.LogCleaner)
[2021-11-11 15:36:36,476] INFO [kafka-log-cleaner-thread-0]: Stopped (kafka.log.LogCleaner)
[2021-11-11 15:36:36,476] INFO [kafka-log-cleaner-thread-0]: Shutdown completed (kafka.log.LogCleaner)
[2021-11-11 18:15:06,407] INFO Starting the log cleaner (kafka.log.LogCleaner)
[2021-11-11 18:15:06,530] INFO [kafka-log-cleaner-thread-0]: Starting (kafka.log.LogCleaner)
[2021-11-11 18:22:02,636] INFO Shutting down the log cleaner. (kafka.log.LogCleaner)
[2021-11-11 18:22:02,637] INFO [kafka-log-cleaner-thread-0]: Shutting down (kafka.log.LogCleaner)
[2021-11-11 18:22:02,639] INFO [kafka-log-cleaner-thread-0]: Stopped (kafka.log.LogCleaner)
[2021-11-11 18:22:02,640] INFO [kafka-log-cleaner-thread-0]: Shutdown completed (kafka.log.LogCleaner)
[2021-11-11 23:10:29,923] INFO Starting the log cleaner (kafka.log.LogCleaner)
[2021-11-11 23:10:30,063] INFO [kafka-log-cleaner-thread-0]: Starting (kafka.log.LogCleaner)
[2021-11-11 23:26:01,131] INFO Shutting down the log cleaner. (kafka.log.LogCleaner)
[2021-11-11 23:26:01,132] INFO [kafka-log-cleaner-thread-0]: Shutting down (kafka.log.LogCleaner)
[2021-11-11 23:26:01,132] INFO [kafka-log-cleaner-thread-0]: Stopped (kafka.log.LogCleaner)
[2021-11-11 23:26:01,133] INFO [kafka-log-cleaner-thread-0]: Shutdown completed (kafka.log.LogCleaner)
[2021-11-12 16:13:15,322] INFO Starting the log cleaner (kafka.log.LogCleaner)
[2021-11-12 16:13:15,462] INFO [kafka-log-cleaner-thread-0]: Starting (kafka.log.LogCleaner)
[2021-11-12 16:29:15,653] INFO Starting the log cleaner (kafka.log.LogCleaner)
[2021-11-12 16:29:15,774] INFO [kafka-log-cleaner-thread-0]: Starting (kafka.log.LogCleaner)
[2021-11-12 16:37:31,639] INFO Starting the log cleaner (kafka.log.LogCleaner)
[2021-11-12 16:37:31,760] INFO [kafka-log-cleaner-thread-0]: Starting (kafka.log.LogCleaner)
[2021-11-12 16:42:34,489] INFO Shutting down the log cleaner. (kafka.log.LogCleaner)
[2021-11-12 16:42:34,490] INFO [kafka-log-cleaner-thread-0]: Shutting down (kafka.log.LogCleaner)
[2021-11-12 16:42:34,492] INFO [kafka-log-cleaner-thread-0]: Stopped (kafka.log.LogCleaner)
[2021-11-12 16:42:34,492] INFO [kafka-log-cleaner-thread-0]: Shutdown completed (kafka.log.LogCleaner)
[2021-11-12 16:46:11,987] INFO Starting the log cleaner (kafka.log.LogCleaner)
[2021-11-12 16:46:12,108] INFO [kafka-log-cleaner-thread-0]: Starting (kafka.log.LogCleaner)
[2021-11-12 16:51:00,891] INFO Shutting down the log cleaner. (kafka.log.LogCleaner)
[2021-11-12 16:51:00,891] INFO [kafka-log-cleaner-thread-0]: Shutting down (kafka.log.LogCleaner)
[2021-11-12 16:51:00,891] INFO [kafka-log-cleaner-thread-0]: Stopped (kafka.log.LogCleaner)
[2021-11-12 16:51:00,891] INFO [kafka-log-cleaner-thread-0]: Shutdown completed (kafka.log.LogCleaner)
[2021-11-12 16:52:52,046] INFO Starting the log cleaner (kafka.log.LogCleaner)
[2021-11-12 16:52:52,208] INFO [kafka-log-cleaner-thread-0]: Starting (kafka.log.LogCleaner)
[2021-11-12 16:58:58,545] INFO Shutting down the log cleaner. (kafka.log.LogCleaner)
[2021-11-12 16:58:58,545] INFO [kafka-log-cleaner-thread-0]: Shutting down (kafka.log.LogCleaner)
[2021-11-12 16:58:58,546] INFO [kafka-log-cleaner-thread-0]: Stopped (kafka.log.LogCleaner)
[2021-11-12 16:58:58,546] INFO [kafka-log-cleaner-thread-0]: Shutdown completed (kafka.log.LogCleaner)
[2021-11-12 17:05:57,915] INFO Starting the log cleaner (kafka.log.LogCleaner)
[2021-11-12 17:05:58,032] INFO [kafka-log-cleaner-thread-0]: Starting (kafka.log.LogCleaner)
[2021-11-12 17:08:08,760] INFO Starting the log cleaner (kafka.log.LogCleaner)
[2021-11-12 17:08:08,874] INFO [kafka-log-cleaner-thread-0]: Starting (kafka.log.LogCleaner)
[2021-11-12 17:11:39,535] INFO Shutting down the log cleaner. (kafka.log.LogCleaner)
[2021-11-12 17:11:39,536] INFO [kafka-log-cleaner-thread-0]: Shutting down (kafka.log.LogCleaner)
[2021-11-12 17:11:39,536] INFO [kafka-log-cleaner-thread-0]: Stopped (kafka.log.LogCleaner)
[2021-11-12 17:11:39,536] INFO [kafka-log-cleaner-thread-0]: Shutdown completed (kafka.log.LogCleaner)
[2021-11-12 17:13:54,934] INFO Starting the log cleaner (kafka.log.LogCleaner)
[2021-11-12 17:13:55,038] INFO [kafka-log-cleaner-thread-0]: Starting (kafka.log.LogCleaner)
[2021-11-12 17:18:50,435] INFO Starting the log cleaner (kafka.log.LogCleaner)
[2021-11-12 17:18:50,543] INFO [kafka-log-cleaner-thread-0]: Starting (kafka.log.LogCleaner)
[2021-11-12 17:22:46,603] INFO Shutting down the log cleaner. (kafka.log.LogCleaner)
[2021-11-12 17:22:46,604] INFO [kafka-log-cleaner-thread-0]: Shutting down (kafka.log.LogCleaner)
[2021-11-12 17:22:46,605] INFO [kafka-log-cleaner-thread-0]: Stopped (kafka.log.LogCleaner)
[2021-11-12 17:22:46,605] INFO [kafka-log-cleaner-thread-0]: Shutdown completed (kafka.log.LogCleaner)
[2021-11-12 18:30:15,798] INFO Starting the log cleaner (kafka.log.LogCleaner)
[2021-11-12 18:30:15,962] INFO [kafka-log-cleaner-thread-0]: Starting (kafka.log.LogCleaner)
[2021-11-12 18:36:11,027] INFO Shutting down the log cleaner. (kafka.log.LogCleaner)
[2021-11-12 18:36:11,028] INFO [kafka-log-cleaner-thread-0]: Shutting down (kafka.log.LogCleaner)
[2021-11-12 18:36:11,030] INFO [kafka-log-cleaner-thread-0]: Stopped (kafka.log.LogCleaner)
[2021-11-12 18:36:11,030] INFO [kafka-log-cleaner-thread-0]: Shutdown completed (kafka.log.LogCleaner)
[2021-11-12 21:41:54,370] INFO Starting the log cleaner (kafka.log.LogCleaner)
[2021-11-12 21:41:54,543] INFO [kafka-log-cleaner-thread-0]: Starting (kafka.log.LogCleaner)
[2021-11-12 21:51:01,767] INFO Shutting down the log cleaner. (kafka.log.LogCleaner)
[2021-11-12 21:51:01,769] INFO [kafka-log-cleaner-thread-0]: Shutting down (kafka.log.LogCleaner)
[2021-11-12 21:51:01,770] INFO [kafka-log-cleaner-thread-0]: Stopped (kafka.log.LogCleaner)
[2021-11-12 21:51:01,770] INFO [kafka-log-cleaner-thread-0]: Shutdown completed (kafka.log.LogCleaner)
[2021-11-12 22:03:39,566] INFO Starting the log cleaner (kafka.log.LogCleaner)
[2021-11-12 22:03:39,717] INFO [kafka-log-cleaner-thread-0]: Starting (kafka.log.LogCleaner)
[2021-11-12 22:15:27,115] INFO Shutting down the log cleaner. (kafka.log.LogCleaner)
[2021-11-12 22:15:27,118] INFO [kafka-log-cleaner-thread-0]: Shutting down (kafka.log.LogCleaner)
[2021-11-12 22:15:27,121] INFO [kafka-log-cleaner-thread-0]: Stopped (kafka.log.LogCleaner)
[2021-11-12 22:15:27,121] INFO [kafka-log-cleaner-thread-0]: Shutdown completed (kafka.log.LogCleaner)
[2021-11-13 09:04:26,192] INFO Starting the log cleaner (kafka.log.LogCleaner)
[2021-11-13 09:04:26,402] INFO [kafka-log-cleaner-thread-0]: Starting (kafka.log.LogCleaner)
[2021-11-13 09:08:12,668] INFO Shutting down the log cleaner. (kafka.log.LogCleaner)
[2021-11-13 09:08:12,670] INFO [kafka-log-cleaner-thread-0]: Shutting down (kafka.log.LogCleaner)
[2021-11-13 09:08:12,672] INFO [kafka-log-cleaner-thread-0]: Stopped (kafka.log.LogCleaner)
[2021-11-13 09:08:12,672] INFO [kafka-log-cleaner-thread-0]: Shutdown completed (kafka.log.LogCleaner)
[2021-11-13 11:31:59,787] INFO Starting the log cleaner (kafka.log.LogCleaner)
[2021-11-13 11:32:00,016] INFO [kafka-log-cleaner-thread-0]: Starting (kafka.log.LogCleaner)
[2021-11-13 12:07:39,835] INFO Shutting down the log cleaner. (kafka.log.LogCleaner)
[2021-11-13 12:07:39,847] INFO [kafka-log-cleaner-thread-0]: Shutting down (kafka.log.LogCleaner)
[2021-11-13 12:07:39,848] INFO [kafka-log-cleaner-thread-0]: Stopped (kafka.log.LogCleaner)
[2021-11-13 12:07:39,848] INFO [kafka-log-cleaner-thread-0]: Shutdown completed (kafka.log.LogCleaner)
[2021-11-13 14:00:51,730] INFO Starting the log cleaner (kafka.log.LogCleaner)
[2021-11-13 14:00:51,883] INFO [kafka-log-cleaner-thread-0]: Starting (kafka.log.LogCleaner)
[2021-11-13 14:34:29,505] INFO Shutting down the log cleaner. (kafka.log.LogCleaner)
[2021-11-13 14:34:29,511] INFO [kafka-log-cleaner-thread-0]: Shutting down (kafka.log.LogCleaner)
[2021-11-13 14:34:29,512] INFO [kafka-log-cleaner-thread-0]: Stopped (kafka.log.LogCleaner)
[2021-11-13 14:34:29,512] INFO [kafka-log-cleaner-thread-0]: Shutdown completed (kafka.log.LogCleaner)
